<?xml version="1.0" encoding="UTF-8"?>
<!-- Generated by org.testng.reporters.JUnitReportReporter -->
<testsuite skipped="0" hostname="DESKTOP-2AKDMFS" name="Selenium" tests="4" failures="0" timestamp="23 May 2020 07:20:29 GMT" time="242.271" errors="0">
  <testcase name="FIllDetailsFromExcelAndWriteInExcel" time="65.046" classname="Selenium"/>
  <testcase name="FillDetialsUsingDataProvider" time="55.934" classname="Selenium"/>
  <testcase name="FillDetialsUsingParameter" time="65.698" classname="Selenium"/>
  <testcase name="FillDetialsUsingDataProvider" time="55.593" classname="Selenium"/>
</testsuite> <!-- Selenium -->
